# nnet3-xvector-compute --use-gpu=no --min-chunk-size=20 --chunk-size=400 --cache-capacity=64 "nnet3-copy --nnet-config=exp/xvector_nnet_1a/extract.config exp/xvector_nnet_1a/final.raw - |" "ark:apply-cmvn-sliding --norm-vars=false --center=true --cmn-window=300 scp:data/sre16_major/split20/5/feats.scp ark:- | select-voiced-frames ark:- scp,s,cs:data/sre16_major/split20/5/vad.scp ark:- |" ark,scp:exp/xvectors_sre16_major/xvector.5.ark,exp/xvectors_sre16_major/xvector.5.scp 
# Started at Mon Jun 21 15:39:15 EDT 2021
#
nnet3-xvector-compute --use-gpu=no --min-chunk-size=20 --chunk-size=400 --cache-capacity=64 'nnet3-copy --nnet-config=exp/xvector_nnet_1a/extract.config exp/xvector_nnet_1a/final.raw - |' 'ark:apply-cmvn-sliding --norm-vars=false --center=true --cmn-window=300 scp:data/sre16_major/split20/5/feats.scp ark:- | select-voiced-frames ark:- scp,s,cs:data/sre16_major/split20/5/vad.scp ark:- |' ark,scp:exp/xvectors_sre16_major/xvector.5.ark,exp/xvectors_sre16_major/xvector.5.scp 
nnet3-copy --nnet-config=exp/xvector_nnet_1a/extract.config exp/xvector_nnet_1a/final.raw - 
WARNING (nnet3-copy[5.5.931~1-aecd]:Check():nnet-nnet.cc:789) Node tdnn6.relu is never used to compute any output.
WARNING (nnet3-copy[5.5.931~1-aecd]:Check():nnet-nnet.cc:789) Node tdnn6.batchnorm is never used to compute any output.
WARNING (nnet3-copy[5.5.931~1-aecd]:Check():nnet-nnet.cc:789) Node output.affine is never used to compute any output.
WARNING (nnet3-copy[5.5.931~1-aecd]:Check():nnet-nnet.cc:789) Node output.log-softmax is never used to compute any output.
LOG (nnet3-copy[5.5.931~1-aecd]:main():nnet3-copy.cc:123) Copied raw neural net from exp/xvector_nnet_1a/final.raw to -
WARNING (nnet3-xvector-compute[5.5.931~1-aecd]:Check():nnet-nnet.cc:789) Node tdnn6.relu is never used to compute any output.
WARNING (nnet3-xvector-compute[5.5.931~1-aecd]:Check():nnet-nnet.cc:789) Node tdnn6.batchnorm is never used to compute any output.
WARNING (nnet3-xvector-compute[5.5.931~1-aecd]:Check():nnet-nnet.cc:789) Node output.affine is never used to compute any output.
WARNING (nnet3-xvector-compute[5.5.931~1-aecd]:Check():nnet-nnet.cc:789) Node output.log-softmax is never used to compute any output.
LOG (nnet3-xvector-compute[5.5.931~1-aecd]:RemoveOrphanNodes():nnet-nnet.cc:948) Removed 4 orphan nodes.
LOG (nnet3-xvector-compute[5.5.931~1-aecd]:RemoveOrphanComponents():nnet-nnet.cc:847) Removing 4 orphan components.
LOG (nnet3-xvector-compute[5.5.931~1-aecd]:Collapse():nnet-utils.cc:1488) Added 0 components, removed 4
apply-cmvn-sliding --norm-vars=false --center=true --cmn-window=300 scp:data/sre16_major/split20/5/feats.scp ark:- 
select-voiced-frames ark:- scp,s,cs:data/sre16_major/split20/5/vad.scp ark:- 
LOG (apply-cmvn-sliding[5.5.931~1-aecd]:main():apply-cmvn-sliding.cc:75) Applied sliding-window cepstral mean normalization to 20 utterances, 0 had errors.
LOG (select-voiced-frames[5.5.931~1-aecd]:main():select-voiced-frames.cc:106) Done selecting voiced frames; processed 20 utterances, 0 had errors.
LOG (nnet3-xvector-compute[5.5.931~1-aecd]:main():nnet3-xvector-compute.cc:238) Time taken 97.8494s: real-time factor assuming 100 frames/sec is 0.049368
LOG (nnet3-xvector-compute[5.5.931~1-aecd]:main():nnet3-xvector-compute.cc:241) Done 20 utterances, failed for 0
LOG (nnet3-xvector-compute[5.5.931~1-aecd]:~CachingOptimizingCompiler():nnet-optimize.cc:710) 0.561 seconds taken in nnet3 compilation total (breakdown: 0.508 compilation, 0.0185 optimization, 0 shortcut expansion, 0.00446 checking, 1.17e-05 computing indexes, 0.0297 misc.) + 0 I/O.
# Accounting: time=98 threads=1
# Ended (code 0) at Mon Jun 21 15:40:53 EDT 2021, elapsed time 98 seconds
